Using pre-set license
Built from '2021.1/release' branch; Version is '2021.1.4f1 (4cd64a618c1b) revision 5035594'; Using compiler version '192528614'; Build Type 'Release'
OS: 'Windows 10 Enterprise LTSC 2019; OS build 17763.1879; Version 1809; 64bit' Language: 'ru' Physical Memory: 16324 MB
BatchMode: 1, IsHumanControllingUs: 0, StartBugReporterOnCrash: 0, Is64bit: 1, IsPro: 0

 COMMAND LINE ARGUMENTS:
E:\Program Files (x86)\Unity\2021.1.4f1\Editor\Unity.exe
-adb2
-batchMode
-noUpm
-name
AssetImportWorker0
-projectPath
C:/Users/KING/Desktop/Unity Project/2D Learning
-logFile
Logs/AssetImportWorker0.log
-srvPort
54658
Successfully changed project path to: C:/Users/KING/Desktop/Unity Project/2D Learning
C:/Users/KING/Desktop/Unity Project/2D Learning
Using Asset Import Pipeline V2.
Refreshing native plugins compatible for Editor in 113.20 ms, found 5 plugins.
Preloading 0 native plugins for Editor in 0.00 ms.
Initialize engine version: 2021.1.4f1 (4cd64a618c1b)
[Subsystems] Discovering subsystems at path E:/Program Files (x86)/Unity/2021.1.4f1/Editor/Data/Resources/UnitySubsystems
[Subsystems] Discovering subsystems at path C:/Users/KING/Desktop/Unity Project/2D Learning/Assets
GfxDevice: creating device client; threaded=0; jobified=0
Direct3D:
    Version:  Direct3D 11.0 [level 11.1]
    Renderer: NVIDIA GeForce GTX 1070 (ID=0x1b81)
    Vendor:   NVIDIA
    VRAM:     8088 MB
    Driver:   27.21.14.6627
Initialize mono
Mono path[0] = 'E:/Program Files (x86)/Unity/2021.1.4f1/Editor/Data/Managed'
Mono path[1] = 'E:/Program Files (x86)/Unity/2021.1.4f1/Editor/Data/MonoBleedingEdge/lib/mono/unityjit'
Mono config path = 'E:/Program Files (x86)/Unity/2021.1.4f1/Editor/Data/MonoBleedingEdge/etc'
Using monoOptions --debugger-agent=transport=dt_socket,embedding=1,server=y,suspend=n,address=127.0.0.1:56504
Begin MonoManager ReloadAssembly
Registering precompiled unity dll's ...
Register platform support module: E:/Program Files (x86)/Unity/2021.1.4f1/Editor/Data/PlaybackEngines/WindowsStandaloneSupport/UnityEditor.WindowsStandalone.Extensions.dll
Registered in 0.001448 seconds.
Native extension for WindowsStandalone target not found
Refreshing native plugins compatible for Editor in 110.78 ms, found 5 plugins.
Preloading 0 native plugins for Editor in 0.00 ms.
Mono: successfully reloaded assembly
- Completed reload, in  2.693 seconds
Platform modules already initialized, skipping
Registering precompiled user dll's ...
Registered in 0.013683 seconds.
Begin MonoManager ReloadAssembly
Native extension for WindowsStandalone target not found
Refreshing native plugins compatible for Editor in 109.33 ms, found 5 plugins.
Preloading 0 native plugins for Editor in 0.00 ms.
Mono: successfully reloaded assembly
- Completed reload, in  1.388 seconds
Platform modules already initialized, skipping
========================================================================
Worker process is ready to serve import requests
Launched and connected shader compiler UnityShaderCompiler.exe after 0.04 seconds
Refreshing native plugins compatible for Editor in 0.65 ms, found 5 plugins.
Preloading 0 native plugins for Editor in 0.00 ms.
Unloading 3561 Unused Serialized files (Serialized files now loaded: 0)
System memory in use before: 134.1 MB.
System memory in use after: 134.3 MB.

Unloading 33 unused Assets to reduce memory usage. Loaded Objects now: 4017.
Total: 2.732100 ms (FindLiveObjects: 0.239900 ms CreateObjectMapping: 0.141800 ms MarkObjects: 2.289500 ms  DeleteObjects: 0.059700 ms)

========================================================================
Received Import Request.
  path: Assets/Prefabs/Flying Eye.prefab
  artifactKey: Guid(7c606800a73653d4195ac42866644a0c) Importer(815301076,1909f56bfc062723c751e8b465ee728b)
Start importing Assets/Prefabs/Flying Eye.prefab using Guid(7c606800a73653d4195ac42866644a0c) Importer(815301076,1909f56bfc062723c751e8b465ee728b)  -> (artifact id: 'd2a25876941e7a2debb794e1e2716141') in 0.147501 seconds 
========================================================================
Received Import Request.
  Time since last request: 26.883142 seconds.
  path: Assets/Prefabs/Flying Eye.prefab
  artifactKey: Guid(7c606800a73653d4195ac42866644a0c) Importer(815301076,1909f56bfc062723c751e8b465ee728b)
Start importing Assets/Prefabs/Flying Eye.prefab using Guid(7c606800a73653d4195ac42866644a0c) Importer(815301076,1909f56bfc062723c751e8b465ee728b)  -> (artifact id: '6ee5e3cf807fa5cb849ac867090f79fb') in 0.013937 seconds 
========================================================================
Received Import Request.
  Time since last request: 1.469905 seconds.
  path: Assets/Prefabs/Flying Eye.prefab
  artifactKey: Guid(7c606800a73653d4195ac42866644a0c) Importer(815301076,1909f56bfc062723c751e8b465ee728b)
Start importing Assets/Prefabs/Flying Eye.prefab using Guid(7c606800a73653d4195ac42866644a0c) Importer(815301076,1909f56bfc062723c751e8b465ee728b)  -> (artifact id: 'af9cf9553d14dc041d52235dcf3a3750') in 0.014942 seconds 
========================================================================
Received Prepare
Registering precompiled user dll's ...
Registered in 0.010611 seconds.
Begin MonoManager ReloadAssembly
Native extension for WindowsStandalone target not found
Refreshing native plugins compatible for Editor in 0.68 ms, found 5 plugins.
Preloading 0 native plugins for Editor in 0.00 ms.
Mono: successfully reloaded assembly
- Completed reload, in  1.028 seconds
Platform modules already initialized, skipping
Refreshing native plugins compatible for Editor in 1.41 ms, found 5 plugins.
Preloading 0 native plugins for Editor in 0.00 ms.
Unloading 3544 Unused Serialized files (Serialized files now loaded: 0)
System memory in use before: 137.1 MB.
System memory in use after: 137.3 MB.

Unloading 21 unused Assets to reduce memory usage. Loaded Objects now: 4028.
Total: 3.619000 ms (FindLiveObjects: 0.233900 ms CreateObjectMapping: 0.139200 ms MarkObjects: 3.224300 ms  DeleteObjects: 0.020500 ms)

========================================================================
Received Prepare
Registering precompiled user dll's ...
Registered in 0.010187 seconds.
Begin MonoManager ReloadAssembly
Native extension for WindowsStandalone target not found
Refreshing native plugins compatible for Editor in 0.68 ms, found 5 plugins.
Preloading 0 native plugins for Editor in 0.00 ms.
Mono: successfully reloaded assembly
- Completed reload, in  0.995 seconds
Platform modules already initialized, skipping
Refreshing native plugins compatible for Editor in 0.68 ms, found 5 plugins.
Preloading 0 native plugins for Editor in 0.00 ms.
Unloading 3544 Unused Serialized files (Serialized files now loaded: 0)
System memory in use before: 137.2 MB.
System memory in use after: 137.4 MB.

Unloading 21 unused Assets to reduce memory usage. Loaded Objects now: 4032.
Total: 2.005000 ms (FindLiveObjects: 0.219400 ms CreateObjectMapping: 0.139100 ms MarkObjects: 1.629300 ms  DeleteObjects: 0.016400 ms)

========================================================================
Received Prepare
Registering precompiled user dll's ...
Registered in 0.009998 seconds.
Begin MonoManager ReloadAssembly
Native extension for WindowsStandalone target not found
Refreshing native plugins compatible for Editor in 0.69 ms, found 5 plugins.
Preloading 0 native plugins for Editor in 0.00 ms.
Mono: successfully reloaded assembly
- Completed reload, in  1.090 seconds
Platform modules already initialized, skipping
Refreshing native plugins compatible for Editor in 0.70 ms, found 5 plugins.
Preloading 0 native plugins for Editor in 0.00 ms.
Unloading 3544 Unused Serialized files (Serialized files now loaded: 0)
System memory in use before: 137.2 MB.
System memory in use after: 137.4 MB.

Unloading 21 unused Assets to reduce memory usage. Loaded Objects now: 4036.
Total: 2.156300 ms (FindLiveObjects: 0.227200 ms CreateObjectMapping: 0.133800 ms MarkObjects: 1.781100 ms  DeleteObjects: 0.013500 ms)

========================================================================
Received Prepare
Registering precompiled user dll's ...
Registered in 0.009649 seconds.
Begin MonoManager ReloadAssembly
Native extension for WindowsStandalone target not found
Refreshing native plugins compatible for Editor in 0.75 ms, found 5 plugins.
Preloading 0 native plugins for Editor in 0.00 ms.
Mono: successfully reloaded assembly
- Completed reload, in  1.015 seconds
Platform modules already initialized, skipping
Refreshing native plugins compatible for Editor in 0.70 ms, found 5 plugins.
Preloading 0 native plugins for Editor in 0.00 ms.
Unloading 3544 Unused Serialized files (Serialized files now loaded: 0)
System memory in use before: 137.2 MB.
System memory in use after: 137.5 MB.

Unloading 21 unused Assets to reduce memory usage. Loaded Objects now: 4040.
Total: 2.725800 ms (FindLiveObjects: 0.347000 ms CreateObjectMapping: 0.303700 ms MarkObjects: 2.056700 ms  DeleteObjects: 0.017600 ms)

========================================================================
Received Prepare
Registering precompiled user dll's ...
Registered in 0.010646 seconds.
Begin MonoManager ReloadAssembly
Native extension for WindowsStandalone target not found
Refreshing native plugins compatible for Editor in 0.68 ms, found 5 plugins.
Preloading 0 native plugins for Editor in 0.00 ms.
Mono: successfully reloaded assembly
- Completed reload, in  0.990 seconds
Platform modules already initialized, skipping
Refreshing native plugins compatible for Editor in 0.70 ms, found 5 plugins.
Preloading 0 native plugins for Editor in 0.00 ms.
Unloading 3544 Unused Serialized files (Serialized files now loaded: 0)
System memory in use before: 137.2 MB.
System memory in use after: 137.5 MB.

Unloading 21 unused Assets to reduce memory usage. Loaded Objects now: 4044.
Total: 2.826300 ms (FindLiveObjects: 0.244500 ms CreateObjectMapping: 0.143100 ms MarkObjects: 2.411600 ms  DeleteObjects: 0.025700 ms)

AssetImportWorkerClient::OnTransportError - code=2 error=End of file
